 -------------------------------------------------------------------------------------------------------------------------------------------------------------------------- 
| Snapshot                | WNS                  | TNS                  | Density (%) | Hotspot                   | Resource               | DRVs       | Layer-OPT        |
|                         | HEPG (ns) | ALL (ns) | HEPG (ns) | ALL (ns) |             | Max (bins) | Total (bins) | Real (s) | Memory (MB) | Tran | Cap | Metal10 | Metal8 |
|-------------------------+-----------+----------+-----------+----------+-------------+------------+--------------+----------+-------------+------+-----+---------+--------|
| initial_summary         |    -1.068 |   -1.068 |           |     -769 |       71.03 |            |              | 0:00:04  |        3876 |    8 |   0 |         |        |
| route_type_refinement   |           |          |           |          |             |            |              | 0:00:01  |        3872 |      |     |         |        |
| simplify_netlist        |           |          |           |          |             |            |              | 0:00:01  |        3899 |      |     |         |        |
| excluded_clk_net_fixing |           |          |           |          |             |            |              | 0:00:00  |        3899 |      |     |         |        |
| drv_fixing              |    -1.025 |   -1.025 |      -549 |    -1623 |       71.14 |            |              | 0:00:07  |        3943 |    0 |   0 |         |        |
| global_opt              |           |   -0.303 |           |     -130 |       71.31 |            |              | 0:01:06  |        4030 |      |     |         |        |
| area_reclaiming         |    -0.220 |   -0.220 |       -66 |      -66 |       54.94 |            |              | 0:01:02  |        4028 |      |     |         |        |
| wns_fixing              |     0.027 |    0.027 |         0 |        0 |       56.08 |            |              | 0:05:36  |        4219 |      |     |       1 |     26 |
| area_reclaiming_2       |    -0.002 |   -0.002 |        -0 |       -0 |       54.83 |            |              | 0:00:25  |        4093 |      |     |       1 |     24 |
| area_reclaiming_3       |    -0.009 |   -0.009 |        -0 |       -0 |       54.16 |            |              | 0:00:13  |        4094 |      |     |         |     16 |
| local_wire_reclaim      |           |          |           |          |             |            |              | 0:00:37  |        4109 |      |     |         |        |
| global_route            |           |          |           |          |             |       0.00 |         0.00 | 0:00:02  |        4089 |      |     |         |        |
| route_type_refinement_2 |           |          |           |          |             |            |              | 0:00:00  |        4089 |      |     |         |     16 |
| drv_eco_fixing          |    -0.103 |   -0.103 |        -7 |       -7 |       54.16 |            |              | 0:00:02  |        4118 |    0 |   0 |         |     16 |
| wns_eco_fixing          |     0.000 |    0.000 |         0 |        0 |       54.36 |            |              | 0:00:38  |        4299 |      |     |         |     15 |
| final_summary           |    -0.001 |   -0.001 |           |       -0 |       54.36 |       0.00 |         0.00 | 0:00:05  |        4116 |    0 |   0 |         |        |
 -------------------------------------------------------------------------------------------------------------------------------------------------------------------------- 
